# JRE version: Java(TM) SE Runtime Environment (8.0_111-b14) (build 1.8.0_111-b14)
# Java VM: Java HotSpot(TM) 64-Bit Server VM (25.111-b14 mixed mode windows-amd64 compressed oops)
Heap:
 PSYoungGen      total 55296K, used 43927K [0x00000000d5f00000, 0x00000000db480000, 0x0000000100000000)
  eden space 26112K, 75% used [0x00000000d5f00000,0x00000000d7251c30,0x00000000d7880000)
  from space 29184K, 82% used [0x00000000d7900000,0x00000000d9094010,0x00000000d9580000)
  to   space 30720K, 0% used [0x00000000d9680000,0x00000000d9680000,0x00000000db480000)
 ParOldGen       total 87552K, used 61866K [0x0000000081c00000, 0x0000000087180000, 0x00000000d5f00000)
  object space 87552K, 70% used [0x0000000081c00000,0x000000008586aae0,0x0000000087180000)
 Metaspace       used 14106K, capacity 14352K, committed 14464K, reserved 1062912K
  class space    used 1581K, capacity 1650K, committed 1664K, reserved 1048576K
GC Heap History (10 events):
Event: 53.718 GC heap before
{Heap before GC invocations=5 (full 0):
 PSYoungGen      total 38400K, used 38389K [0x00000000d5f00000, 0x00000000d8980000, 0x0000000100000000)
  eden space 33280K, 100% used [0x00000000d5f00000,0x00000000d7f80000,0x00000000d7f80000)
  from space 5120K, 99% used [0x00000000d8480000,0x00000000d897d590,0x00000000d8980000)
  to   space 5120K, 0% used [0x00000000d7f80000,0x00000000d7f80000,0x00000000d8480000)
 ParOldGen       total 87552K, used 30969K [0x0000000081c00000, 0x0000000087180000, 0x00000000d5f00000)
  object space 87552K, 35% used [0x0000000081c00000,0x0000000083a3e518,0x0000000087180000)
 Metaspace       used 14091K, capacity 14352K, committed 14464K, reserved 1062912K
  class space    used 1581K, capacity 1650K, committed 1664K, reserved 1048576K
Event: 53.794 GC heap after
Heap after GC invocations=5 (full 0):
 PSYoungGen      total 37888K, used 5109K [0x00000000d5f00000, 0x00000000da300000, 0x0000000100000000)
  eden space 32768K, 0% used [0x00000000d5f00000,0x00000000d5f00000,0x00000000d7f00000)
  from space 5120K, 99% used [0x00000000d7f80000,0x00000000d847d590,0x00000000d8480000)
  to   space 18432K, 0% used [0x00000000d9100000,0x00000000d9100000,0x00000000da300000)
 ParOldGen       total 87552K, used 41275K [0x0000000081c00000, 0x0000000087180000, 0x00000000d5f00000)
  object space 87552K, 47% used [0x0000000081c00000,0x000000008444ed38,0x0000000087180000)
 Metaspace       used 14091K, capacity 14352K, committed 14464K, reserved 1062912K
  class space    used 1581K, capacity 1650K, committed 1664K, reserved 1048576K
}
Event: 66.645 GC heap before
{Heap before GC invocations=6 (full 0):
 PSYoungGen      total 37888K, used 37877K [0x00000000d5f00000, 0x00000000da300000, 0x0000000100000000)
  eden space 32768K, 100% used [0x00000000d5f00000,0x00000000d7f00000,0x00000000d7f00000)
  from space 5120K, 99% used [0x00000000d7f80000,0x00000000d847d590,0x00000000d8480000)
  to   space 18432K, 0% used [0x00000000d9100000,0x00000000d9100000,0x00000000da300000)
 ParOldGen       total 87552K, used 41275K [0x0000000081c00000, 0x0000000087180000, 0x00000000d5f00000)
  object space 87552K, 47% used [0x0000000081c00000,0x000000008444ed38,0x0000000087180000)
 Metaspace       used 14104K, capacity 14352K, committed 14464K, reserved 1062912K
  class space    used 1581K, capacity 1650K, committed 1664K, reserved 1048576K
Event: 66.722 GC heap after
Heap after GC invocations=6 (full 0):
 PSYoungGen      total 50688K, used 15669K [0x00000000d5f00000, 0x00000000da380000, 0x0000000100000000)
  eden space 32256K, 0% used [0x00000000d5f00000,0x00000000d5f00000,0x00000000d7e80000)
  from space 18432K, 85% used [0x00000000d9100000,0x00000000da04d590,0x00000000da300000)
  to   space 18944K, 0% used [0x00000000d7e80000,0x00000000d7e80000,0x00000000d9100000)
 ParOldGen       total 87552K, used 41283K [0x0000000081c00000, 0x0000000087180000, 0x00000000d5f00000)
  object space 87552K, 47% used [0x0000000081c00000,0x0000000084450d38,0x0000000087180000)
 Metaspace       used 14104K, capacity 14352K, committed 14464K, reserved 1062912K
  class space    used 1581K, capacity 1650K, committed 1664K, reserved 1048576K
}
Event: 81.167 GC heap before
{Heap before GC invocations=7 (full 0):
 PSYoungGen      total 50688K, used 47925K [0x00000000d5f00000, 0x00000000da380000, 0x0000000100000000)
  eden space 32256K, 100% used [0x00000000d5f00000,0x00000000d7e80000,0x00000000d7e80000)
  from space 18432K, 85% used [0x00000000d9100000,0x00000000da04d590,0x00000000da300000)
  to   space 18944K, 0% used [0x00000000d7e80000,0x00000000d7e80000,0x00000000d9100000)
 ParOldGen       total 87552K, used 41283K [0x0000000081c00000, 0x0000000087180000, 0x00000000d5f00000)
  object space 87552K, 47% used [0x0000000081c00000,0x0000000084450d38,0x0000000087180000)
 Metaspace       used 14104K, capacity 14352K, committed 14464K, reserved 1062912K
  class space    used 1581K, capacity 1650K, committed 1664K, reserved 1048576K
Event: 81.277 GC heap after
Heap after GC invocations=7 (full 0):
 PSYoungGen      total 50688K, used 18944K [0x00000000d5f00000, 0x00000000dad00000, 0x0000000100000000)
  eden space 31744K, 0% used [0x00000000d5f00000,0x00000000d5f00000,0x00000000d7e00000)
  from space 18944K, 100% used [0x00000000d7e80000,0x00000000d9100000,0x00000000d9100000)
  to   space 24064K, 0% used [0x00000000d9580000,0x00000000d9580000,0x00000000dad00000)
 ParOldGen       total 87552K, used 48212K [0x0000000081c00000, 0x0000000087180000, 0x00000000d5f00000)
  object space 87552K, 55% used [0x0000000081c00000,0x0000000084b152d0,0x0000000087180000)
 Metaspace       used 14104K, capacity 14352K, committed 14464K, reserved 1062912K
  class space    used 1581K, capacity 1650K, committed 1664K, reserved 1048576K
}
Event: 95.382 GC heap before
{Heap before GC invocations=8 (full 0):
 PSYoungGen      total 50688K, used 50688K [0x00000000d5f00000, 0x00000000dad00000, 0x0000000100000000)
  eden space 31744K, 100% used [0x00000000d5f00000,0x00000000d7e00000,0x00000000d7e00000)
  from space 18944K, 100% used [0x00000000d7e80000,0x00000000d9100000,0x00000000d9100000)
  to   space 24064K, 0% used [0x00000000d9580000,0x00000000d9580000,0x00000000dad00000)
 ParOldGen       total 87552K, used 48212K [0x0000000081c00000, 0x0000000087180000, 0x00000000d5f00000)
  object space 87552K, 55% used [0x0000000081c00000,0x0000000084b152d0,0x0000000087180000)
 Metaspace       used 14106K, capacity 14352K, committed 14464K, reserved 1062912K
  class space    used 1581K, capacity 1650K, committed 1664K, reserved 1048576K
Event: 95.450 GC heap after
Heap after GC invocations=8 (full 0):
 PSYoungGen      total 50688K, used 24036K [0x00000000d5f00000, 0x00000000db680000, 0x0000000100000000)
  eden space 26624K, 0% used [0x00000000d5f00000,0x00000000d5f00000,0x00000000d7900000)
  from space 24064K, 99% used [0x00000000d9580000,0x00000000dacf9020,0x00000000dad00000)
  to   space 29184K, 0% used [0x00000000d7900000,0x00000000d7900000,0x00000000d9580000)
 ParOldGen       total 87552K, used 53340K [0x0000000081c00000, 0x0000000087180000, 0x00000000d5f00000)
  object space 87552K, 60% used [0x0000000081c00000,0x00000000850172d0,0x0000000087180000)
 Metaspace       used 14106K, capacity 14352K, committed 14464K, reserved 1062912K
  class space    used 1581K, capacity 1650K, committed 1664K, reserved 1048576K
}
Event: 107.764 GC heap before
{Heap before GC invocations=9 (full 0):
 PSYoungGen      total 50688K, used 50660K [0x00000000d5f00000, 0x00000000db680000, 0x0000000100000000)
  eden space 26624K, 100% used [0x00000000d5f00000,0x00000000d7900000,0x00000000d7900000)
  from space 24064K, 99% used [0x00000000d9580000,0x00000000dacf9020,0x00000000dad00000)
  to   space 29184K, 0% used [0x00000000d7900000,0x00000000d7900000,0x00000000d9580000)
 ParOldGen       total 87552K, used 53340K [0x0000000081c00000, 0x0000000087180000, 0x00000000d5f00000)
  object space 87552K, 60% used [0x0000000081c00000,0x00000000850172d0,0x0000000087180000)
 Metaspace       used 14106K, capacity 14352K, committed 14464K, reserved 1062912K
  class space    used 1581K, capacity 1650K, committed 1664K, reserved 1048576K
Event: 107.837 GC heap after
Heap after GC invocations=9 (full 0):
 PSYoungGen      total 55296K, used 24144K [0x00000000d5f00000, 0x00000000db480000, 0x0000000100000000)
  eden space 26112K, 0% used [0x00000000d5f00000,0x00000000d5f00000,0x00000000d7880000)
  from space 29184K, 82% used [0x00000000d7900000,0x00000000d9094010,0x00000000d9580000)
  to   space 30720K, 0% used [0x00000000d9680000,0x00000000d9680000,0x00000000db480000)
 ParOldGen       total 87552K, used 61866K [0x0000000081c00000, 0x0000000087180000, 0x00000000d5f00000)
  object space 87552K, 70% used [0x0000000081c00000,0x000000008586aae0,0x0000000087180000)
 Metaspace       used 14106K, capacity 14352K, committed 14464K, reserved 1062912K
  class space    used 1581K, capacity 1650K, committed 1664K, reserved 1048576K
}

